<?xml version="1.0" encoding="UTF-8"?>
<testng-results ignored="0" total="1" passed="1" failed="0" skipped="0">
  <reporter-output>
  </reporter-output>
  <suite started-at="2021-01-04T15:13:42 IST" name="Default suite" finished-at="2021-01-04T15:13:48 IST" duration-ms="5921">
    <groups>
    </groups>
    <test started-at="2021-01-04T15:13:42 IST" name="Default test" finished-at="2021-01-04T15:13:48 IST" duration-ms="5921">
      <class name="example.NewTest">
        <test-method is-config="true" signature="beforeTest()[pri:0, instance:example.NewTest@27f981c6]" started-at="2021-01-04T15:13:42 IST" name="beforeTest" finished-at="2021-01-04T15:13:42 IST" duration-ms="13" status="PASS">
          <reporter-output>
          </reporter-output>
        </test-method> <!-- beforeTest -->
        <test-method signature="testEasy()[pri:0, instance:example.NewTest@27f981c6]" started-at="2021-01-04T15:13:42 IST" name="testEasy" finished-at="2021-01-04T15:13:48 IST" duration-ms="5861" status="PASS">
          <reporter-output>
          </reporter-output>
        </test-method> <!-- testEasy -->
        <test-method is-config="true" signature="afterTest()[pri:0, instance:example.NewTest@27f981c6]" started-at="2021-01-04T15:13:48 IST" name="afterTest" finished-at="2021-01-04T15:13:48 IST" duration-ms="0" status="PASS">
          <reporter-output>
          </reporter-output>
        </test-method> <!-- afterTest -->
      </class> <!-- example.NewTest -->
    </test> <!-- Default test -->
  </suite> <!-- Default suite -->
</testng-results>
